#
# A fatal error has been detected by the Java Runtime Environment:
#
#  EXCEPTION_ACCESS_VIOLATION (0xc0000005) at pc=0x00007ff8014a26c4, pid=21744, tid=20964
#
# JRE version: OpenJDK Runtime Environment (24.0.1+9) (build 24.0.1+9-30)
# Java VM: OpenJDK 64-Bit Server VM (24.0.1+9-30, mixed mode, sharing, tiered, compressed oops, compressed class ptrs, g1 gc, windows-amd64)
# Problematic frame:
# C  [libasyncProfiler.dll+0x926c4]
#
# No core dump will be written. Minidumps are not enabled by default on client versions of Windows
#
# JFR recording file will be written. Location: C:\PUC\poo\projetoFinal\ProjetoJavaFXMVC\hs_err_pid21744.jfr
#
# If you would like to submit a bug report, please visit:
#   https://bugreport.java.com/bugreport/crash.jsp
# The crash happened outside the Java Virtual Machine in native code.
# See problematic frame for where to report the bug.
#

---------------  S U M M A R Y ------------

Command Line: -javaagent:C:\Program Files\JetBrains\IntelliJ IDEA 2025.1.1.1\lib\idea_rt.jar=59597 -agentpath:C:\Users\caue_\AppData\Local\Temp\idea_libasyncProfiler_dll_temp_folder\libasyncProfiler.dll=start,jfr,event=wall,interval=10ms,jfrsync=profile,cstack=no,file=C:\Users\caue_\IdeaSnapshots\HelloApplication_2025_06_09_205147.jfr,dbghelppath=C:\Users\caue_\AppData\Local\Temp\idea_dbghelp_dll_temp_folder\dbghelp.dll,log=C:\Users\caue_\AppData\Local\Temp\HelloApplication_2025_06_09_205147.jfr.log.txt,logLevel=DEBUG -Dfile.encoding=UTF-8 -Dsun.stdout.encoding=UTF-8 -Dsun.stderr.encoding=UTF-8 com.example.projetofinaljavav2.HelloApplication

Host: Intel(R) Core(TM) Ultra 5 125H, 18 cores, 15G,  Windows 11 , 64 bit Build 26100 (10.0.26100.3912)
Time: Mon Jun  9 20:51:48 2025 Hora oficial do Brasil elapsed time: 0.560592 seconds (0d 0h 0m 0s)

---------------  T H R E A D  ---------------

Current thread (0x00000262d636dfc0):  JavaThread "main"             [_thread_in_native, id=20964, stack(0x000000865b300000,0x000000865b400000) (1024K)]

Stack: [0x000000865b300000,0x000000865b400000],  sp=0x000000865b3fe6f0,  free space=1017k
Native frames: (J=compiled Java code, j=interpreted, Vv=VM code, C=native code)
C  [libasyncProfiler.dll+0x926c4]  (no source info available)
C  [libasyncProfiler.dll+0x92b9b]  (no source info available)
C  [libasyncProfiler.dll+0x917f4]  (no source info available)
C  [libasyncProfiler.dll+0x9206a]  (no source info available)
C  [libasyncProfiler.dll+0x8cc21]  (no source info available)
C  [libasyncProfiler.dll+0x7e5e1]  (no source info available)
C  [libasyncProfiler.dll+0x7d2f8]  (no source info available)
C  [libasyncProfiler.dll+0x7d1e0]  (no source info available)
C  [libasyncProfiler.dll+0x832fc]  (no source info available)
V  [jvm.dll+0x5e38de]  (no source info available)
V  [jvm.dll+0x886056]  (no source info available)
V  [jvm.dll+0x495f3e]  (no source info available)
V  [jvm.dll+0x497d11]  (no source info available)
C  [jli.dll+0x52a1]  (no source info available)
C  [ucrtbase.dll+0x37b0]  (no source info available)
C  [KERNEL32.DLL+0x2e8d7]  (no source info available)
C  [ntdll.dll+0x9c5dc]  (no source info available)


siginfo: EXCEPTION_ACCESS_VIOLATION (0xc0000005), reading address 0xffffffffffffffff


Registers:
RAX=0x0000000000000010, RBX=0x0000000000000000, RCX=0xffffffffffffffff, RDX=0x007fff7002300010
RSP=0x000000865b3fe6f0, RBP=0x00000262c148edc0, RSI=0x000000865b3fe860, RDI=0x00000262c148edc0
R8 =0x0000000000000042, R9 =0x0000000716201ed8, R10=0x00007fff70299fb0, R11=0x0000000000000002
R12=0x000000865b3fe860, R13=0x00000262d3ea16b0, R14=0x00000262d636e388, R15=0x00000262d636e388
RIP=0x00007ff8014a26c4, EFLAGS=0x0000000000010202

XMM[0]=0x0000000000000000 0x0000000000000000
XMM[1]=0x0000000000000000 0x0000000000000000
XMM[2]=0x0000000000000000 0x0000000000000000
XMM[3]=0x0000000000000000 0x0000000000000000
XMM[4]=0x0000000000000000 0x0000000000000000
XMM[5]=0x0000000000000000 0x0000000000000000
XMM[6]=0x0000000000000000 0x0000000000000000
XMM[7]=0x0000000000000000 0x0000000000000000
XMM[8]=0x0000000000000000 0x0000000000000000
XMM[9]=0x0000000000000000 0x0000000000000000
XMM[10]=0x0000000000000000 0x0000000000000000
XMM[11]=0x0000000000000000 0x0000000000000000
XMM[12]=0x0000000000000000 0x0000000000000000
XMM[13]=0x0000000000000000 0x0000000000000000
XMM[14]=0x0000000000000000 0x0000000000000000
XMM[15]=0x0000000000000000 0x0000000000000000
  MXCSR=0x00001fa0


Register to memory mapping:

RAX=0x0000000000000010 is an unknown value
RBX=0x0 is null
RCX=0xffffffffffffffff is an unknown value
RDX=0x007fff7002300010 is an unknown value
RSP=0x000000865b3fe6f0 is pointing into the stack for thread: 0x00000262d636dfc0
RBP=0x00000262c148edc0 points into unknown readable memory: 0x0000000716201ed8 | d8 1e 20 16 07 00 00 00
RSI=0x000000865b3fe860 is pointing into the stack for thread: 0x00000262d636dfc0
RDI=0x00000262c148edc0 points into unknown readable memory: 0x0000000716201ed8 | d8 1e 20 16 07 00 00 00
R8 =0x0000000000000042 is an unknown value
R9 =0x0000000716201ed8 is an oop: java.lang.Thread 
{0x0000000716201ed8} - klass: 'java/lang/Thread' - flags: 

 - ---- fields (total size 14 words):
 - 'threadLocalRandomProbe' 'I' @12  0 (0x00000000)
 - private volatile 'eetop' 'J' @16  2623523971008 (0x00000262d636dfc0)
 - private final 'tid' 'J' @24  3 (0x0000000000000003)
 - 'threadLocalRandomSeed' 'J' @32  0 (0x0000000000000000)
 - injected 'jvmti_thread_state' 'J' @40  2623169972544 (0x00000262c11d4940)
 - 'threadLocalRandomSecondarySeed' 'I' @48  0 (0x00000000)
 - injected 'jvmti_VTMS_transition_disable_count' 'I' @52  0 (0x00000000)
 - injected 'jfr_epoch' 'S' @56  0 (0x0000)
 - volatile 'interrupted' 'Z' @58  false (0x00)
 - injected 'jvmti_is_in_VTMS_transition' 'Z' @59  false (0x00)
 - private volatile 'name' 'Ljava/lang/String;' @60  "main"{0x0000000716201f48} (0xe2c403e9)
 - private volatile 'contextClassLoader' 'Ljava/lang/ClassLoader;' @64  a 'jdk/internal/loader/ClassLoaders$AppClassLoader'{0x000000071621acf8} (0xe2c4359f)
 - private final 'holder' 'Ljava/lang/Thread$FieldHolder;' @68  a 'java/lang/Thread$FieldHolder'{0x0000000716201f88} (0xe2c403f1)
 - 'threadLocals' 'Ljava/lang/ThreadLocal$ThreadLocalMap;' @72  a 'java/lang/ThreadLocal$ThreadLocalMap'{0x0000000716137b28} (0xe2c26f65)
 - 'inheritableThreadLocals' 'Ljava/lang/ThreadLocal$ThreadLocalMap;' @76  null (0x00000000)
 - private 'scopedValueBindings' 'Ljava/lang/Object;' @80  a 'java/lang/Class'{0x00000007ffe7c258} = 'java/lang/Thread' (0xfffcf84b)
 - final 'interruptLock' 'Ljava/lang/Object;' @84  a 'java/lang/Object'{0x0000000716201f78} (0xe2c403ef)
 - private volatile 'parkBlocker' 'Ljava/lang/Object;' @88  null (0x00000000)
 - private 'nioBlocker' 'Lsun/nio/ch/Interruptible;' @92  null (0x00000000)
 - private 'cont' 'Ljdk/internal/vm/Continuation;' @96  null (0x00000000)
 - private volatile 'uncaughtExceptionHandler' 'Ljava/lang/Thread$UncaughtExceptionHandler;' @100  null (0x00000000)
 - private 'container' 'Ljdk/internal/vm/ThreadContainer;' @104  null (0x00000000)
 - private volatile 'headStackableScopes' 'Ljdk/internal/vm/StackableScope;' @108  null (0x00000000)
R10=0x00007fff70299fb0 jvm.dll
R11=0x0000000000000002 is an unknown value
R12=0x000000865b3fe860 is pointing into the stack for thread: 0x00000262d636dfc0
R13=0x00000262d3ea16b0 points into unknown readable memory: 0x00007fff7020a510 | 10 a5 20 70 ff 7f 00 00
R14=0x00000262d636e388 points into unknown readable memory: 0x00007fff702017b0 | b0 17 20 70 ff 7f 00 00
R15=0x00000262d636e388 points into unknown readable memory: 0x00007fff702017b0 | b0 17 20 70 ff 7f 00 00

Top of Stack: (sp=0x000000865b3fe6f0)
0x000000865b3fe6f0:   000000865b3fe860 00000262c148edc0   `.?[......H.b...
0x000000865b3fe700:   0000000000000000 00000262d636e710   ..........6.b...
0x000000865b3fe710:   000000000000001f 00007ff8014a2b9b   .........+J.....
0x000000865b3fe720:   0000000000000000 00000262d636e388   ..........6.b...
0x000000865b3fe730:   000000865b3fe801 0000000000000000   ..?[............
0x000000865b3fe740:   00000262c6ea0c40 00007ff8014a17f4   @...b.....J.....
0x000000865b3fe750:   0000000000000000 000000000000001f   ................
0x000000865b3fe760:   0000000000000000 000000000000001f   ................
0x000000865b3fe770:   0000000900000002 00000262c692bac0   ............b...
0x000000865b3fe780:   00000262c6ea0c40 00000262c6ea0cbc   @...b.......b...
0x000000865b3fe790:   00000262c6ea0ce8 0000000000005d80   ....b....]......
0x000000865b3fe7a0:   0000000000000000 0000000000000000   ................
0x000000865b3fe7b0:   0000000000000000 00007fff6fa657d4   .........W.o....
0x000000865b3fe7c0:   00007ff8015e4ca0 00000000000054f0   .L^......T......
0x000000865b3fe7d0:   00007ff8015e4ca0 00000000ffffffff   .L^.............
0x000000865b3fe7e0:   0000000000000000 00007ff8014a206a   ........j J.....
0x000000865b3fe7f0:   00000262d636e388 0000000000000000   ..6.b...........
0x000000865b3fe800:   000000865b3fe869 00000262d3ea16b0   i.?[........b...
0x000000865b3fe810:   00000262c1d22040 00000262d3e70000   @ ..b.......b...
0x000000865b3fe820:   00000262c1d22040 00007ff829cf9fc9   @ ..b......)....
0x000000865b3fe830:   00000262d636e388 00007ff8015e4ca0   ..6.b....L^.....
0x000000865b3fe840:   00007ff80158f0d8 00007ff80158f0c8   ..X.......X.....
0x000000865b3fe850:   0000000000000000 00000262d636e388   ..........6.b...
0x000000865b3fe860:   00000262c6eaa060 00000262c6eaa440   `...b...@...b...
0x000000865b3fe870:   00000262c6eaa440 00007ff8015e4ca0   @...b....L^.....
0x000000865b3fe880:   00000262d62cbc98 000000865b3fe9f8   ..,.b.....?[....
0x000000865b3fe890:   000000865b3feb30 0000000000008840   0.?[....@.......
0x000000865b3fe8a0:   00007ff8015d7080 00007ff8015e4cf0   .p]......L^.....
0x000000865b3fe8b0:   0000000000989680 0000000000989680   ................
0x000000865b3fe8c0:   000000865b3fe9d0 00007ff80149cc21   ..?[....!.I.....
0x000000865b3fe8d0:   00007ff8015e4ca0 00007ff8015e4cf8   .L^......L^.....
0x000000865b3fe8e0:   00007ff800000000 003e53aa00000001   .............S>.

Instructions: (pc=0x00007ff8014a26c4)
  0x00007ff8014a25c4:   cc cc cc cc cc cc cc cc cc cc cc cc cc cc cc cc
  0x00007ff8014a25d4:   cc cc cc cc cc cc cc cc cc cc cc cc cc cc cc cc
  0x00007ff8014a25e4:   cc cc cc cc cc cc cc cc cc cc cc cc cc cc cc cc
  0x00007ff8014a25f4:   cc cc cc cc cc cc cc cc cc cc cc cc cc cc cc cc
  0x00007ff8014a2604:   cc cc cc cc cc cc cc cc cc cc cc cc cc cc cc cc
  0x00007ff8014a2614:   cc cc cc cc cc cc cc cc cc cc cc cc cc cc cc cc
  0x00007ff8014a2624:   cc cc cc cc cc cc cc cc cc cc cc cc cc cc cc cc
  0x00007ff8014a2634:   cc cc cc cc cc cc cc cc cc cc cc cc cc cc cc cc
  0x00007ff8014a2644:   cc cc cc cc cc cc cc cc cc cc cc cc 40 57 48 83
  0x00007ff8014a2654:   ec 20 48 8b f9 48 8b 0d 10 28 14 00 48 85 c9 74
  0x00007ff8014a2664:   20 48 8b 01 48 8d 54 24 38 41 b8 06 00 01 00 4c
  0x00007ff8014a2674:   8b 48 30 41 ff d1 85 c0 75 07 48 8b 4c 24 38 eb
  0x00007ff8014a2684:   02 33 c9 4c 8b 05 ea 28 14 00 48 89 5c 24 30 4d
  0x00007ff8014a2694:   85 c0 74 4a 48 8b 01 48 8b d7 4c 8b 88 28 03 00
  0x00007ff8014a26a4:   00 41 ff d1 48 85 c0 74 35 48 63 0d f8 e6 13 00
  0x00007ff8014a26b4:   48 8b 14 01 48 85 d2 74 15 48 63 05 fc e6 13 00
=>0x00007ff8014a26c4:   8b 04 10 48 8b 5c 24 30 48 83 c4 20 5f c3 b8 ff
  0x00007ff8014a26d4:   ff ff ff 48 8b 5c 24 30 48 83 c4 20 5f c3 80 3d
  0x00007ff8014a26e4:   9b 27 14 00 00 bb ff ff ff ff 74 20 4c 8b 0d 31
  0x00007ff8014a26f4:   24 14 00 4c 8d 44 24 38 48 8b 0d 15 24 14 00 48
  0x00007ff8014a2704:   8b d7 41 ff d1 85 c0 0f 44 5c 24 38 8b c3 48 8b
  0x00007ff8014a2714:   5c 24 30 48 83 c4 20 5f c3 cc cc cc cc cc cc cc
  0x00007ff8014a2724:   cc cc cc cc cc cc cc cc cc cc cc cc cc cc cc cc
  0x00007ff8014a2734:   cc cc cc cc cc cc cc cc cc cc cc cc cc cc cc cc
  0x00007ff8014a2744:   cc cc cc cc cc cc cc cc cc cc cc cc 48 89 54 24
  0x00007ff8014a2754:   10 53 55 56 57 41 56 41 57 48 83 ec 28 48 8b f2
  0x00007ff8014a2764:   4c 8b f1 48 89 4c 24 78 45 33 ff 44 89 7c 24 68
  0x00007ff8014a2774:   c7 44 24 60 01 00 00 00 48 8d 4c 24 68 e8 ed 42
  0x00007ff8014a2784:   f7 ff 8b d8 48 8d 4c 24 60 e8 e1 42 f7 ff 8b e8
  0x00007ff8014a2794:   49 8b ce e8 00 fc f6 ff 48 8b f8 90 8b c3 f0 0f
  0x00007ff8014a27a4:   b1 2f 74 04 f3 90 eb f4 4c 89 3e 4c 89 7e 08 4c
  0x00007ff8014a27b4:   89 7e 10 49 8b 6e 08 4d 8b 76 10 49 3b ee 0f 84


Stack slot to memory mapping:

stack at sp + 0 slots: 0x000000865b3fe860 is pointing into the stack for thread: 0x00000262d636dfc0
stack at sp + 1 slots: 0x00000262c148edc0 points into unknown readable memory: 0x0000000716201ed8 | d8 1e 20 16 07 00 00 00
stack at sp + 2 slots: 0x0 is null
stack at sp + 3 slots: 0x00000262d636e710 points into unknown readable memory: 0x6e616c2e6176616a | 6a 61 76 61 2e 6c 61 6e
stack at sp + 4 slots: 0x000000000000001f is an unknown value
stack at sp + 5 slots: 0x00007ff8014a2b9b libasyncProfiler.dll
stack at sp + 6 slots: 0x0 is null
stack at sp + 7 slots: 0x00000262d636e388 points into unknown readable memory: 0x00007fff702017b0 | b0 17 20 70 ff 7f 00 00

Lock stack of current Java thread (top to bottom):


---------------  P R O C E S S  ---------------

Threads class SMR info:
_java_thread_list=0x00000262c701be80, length=20, elements={
0x00000262d636dfc0, 0x00000262d5fe6390, 0x00000262d5fe6cd0, 0x00000262d5fe9a30,
0x00000262d5fea560, 0x00000262d5feb1c0, 0x00000262d5fee640, 0x00000262c11453c0,
0x00000262c114e360, 0x00000262c127c0f0, 0x00000262c127d200, 0x00000262c1428050,
0x00000262c138dfb0, 0x00000262c13de530, 0x00000262c1464790, 0x00000262c1544b70,
0x00000262c694c240, 0x00000262c6e960f0, 0x00000262c6e99f20, 0x00000262c700a4e0
}

Java Threads: ( => current thread )
=>0x00000262d636dfc0 JavaThread "main"                              [_thread_in_native, id=20964, stack(0x000000865b300000,0x000000865b400000) (1024K)]
  0x00000262d5fe6390 JavaThread "Reference Handler"          daemon [_thread_blocked, id=18408, stack(0x000000865bb00000,0x000000865bc00000) (1024K)]
  0x00000262d5fe6cd0 JavaThread "Finalizer"                  daemon [_thread_blocked, id=6596, stack(0x000000865bc00000,0x000000865bd00000) (1024K)]
  0x00000262d5fe9a30 JavaThread "Signal Dispatcher"          daemon [_thread_blocked, id=17648, stack(0x000000865bd00000,0x000000865be00000) (1024K)]
  0x00000262d5fea560 JavaThread "Attach Listener"            daemon [_thread_blocked, id=14668, stack(0x000000865be00000,0x000000865bf00000) (1024K)]
  0x00000262d5feb1c0 JavaThread "Service Thread"             daemon [_thread_blocked, id=20604, stack(0x000000865bf00000,0x000000865c000000) (1024K)]
  0x00000262d5fee640 JavaThread "Monitor Deflation Thread"   daemon [_thread_blocked, id=21192, stack(0x000000865c000000,0x000000865c100000) (1024K)]
  0x00000262c11453c0 JavaThread "C2 CompilerThread0"         daemon [_thread_blocked, id=11132, stack(0x000000865c100000,0x000000865c200000) (1024K)]
  0x00000262c114e360 JavaThread "C1 CompilerThread0"         daemon [_thread_blocked, id=8260, stack(0x000000865c200000,0x000000865c300000) (1024K)]
  0x00000262c127c0f0 JavaThread "C1 CompilerThread1"         daemon [_thread_blocked, id=15048, stack(0x000000865c300000,0x000000865c400000) (1024K)]
  0x00000262c127d200 JavaThread "C1 CompilerThread2"         daemon [_thread_blocked, id=17348, stack(0x000000865c400000,0x000000865c500000) (1024K)]
  0x00000262c1428050 JavaThread "Common-Cleaner"             daemon [_thread_blocked, id=17436, stack(0x000000865c500000,0x000000865c600000) (1024K)]
  0x00000262c138dfb0 JavaThread "C1 CompilerThread3"         daemon [_thread_blocked, id=12412, stack(0x000000865c600000,0x000000865c700000) (1024K)]
  0x00000262c13de530 JavaThread "C2 CompilerThread1"         daemon [_thread_blocked, id=11840, stack(0x000000865c700000,0x000000865c800000) (1024K)]
  0x00000262c1464790 JavaThread "C2 CompilerThread2"         daemon [_thread_blocked, id=20300, stack(0x000000865c800000,0x000000865c900000) (1024K)]
  0x00000262c1544b70 JavaThread "Monitor Ctrl-Break"         daemon [_thread_in_native, id=20120, stack(0x000000865c900000,0x000000865ca00000) (1024K)]
  0x00000262c694c240 JavaThread "JFR Recorder Thread"        daemon [_thread_in_native, id=4084, stack(0x000000865ca00000,0x000000865cb00000) (1024K)]
  0x00000262c6e960f0 JavaThread "C2 CompilerThread3"         daemon [_thread_blocked, id=19028, stack(0x000000865cb00000,0x000000865cc00000) (1024K)]
  0x00000262c6e99f20 JavaThread "C2 CompilerThread4"         daemon [_thread_blocked, id=8268, stack(0x000000865cc00000,0x000000865cd00000) (1024K)]
  0x00000262c700a4e0 JavaThread "JFR Periodic Tasks"         daemon [_thread_blocked, id=23936, stack(0x000000865cd00000,0x000000865ce00000) (1024K)]
Total: 20

Other Threads:
  0x00000262d5fd3ad0 VMThread "VM Thread"                           [id=2016, stack(0x000000865ba00000,0x000000865bb00000) (1024K)]
  0x00000262c111b2f0 WatcherThread "VM Periodic Task Thread"        [id=9832, stack(0x000000865b900000,0x000000865ba00000) (1024K)]
  0x00000262d5eafed0 WorkerThread "GC Thread#0"                     [id=23224, stack(0x000000865b400000,0x000000865b500000) (1024K)]
  0x00000262d5ec46c0 ConcurrentGCThread "G1 Main Marker"            [id=1512, stack(0x000000865b500000,0x000000865b600000) (1024K)]
  0x00000262d5ec7250 WorkerThread "G1 Conc#0"                       [id=13076, stack(0x000000865b600000,0x000000865b700000) (1024K)]
  0x00000262d5fab2b0 ConcurrentGCThread "G1 Refine#0"               [id=17580, stack(0x000000865b700000,0x000000865b800000) (1024K)]
  0x00000262d5fabcd0 ConcurrentGCThread "G1 Service"                [id=15840, stack(0x000000865b800000,0x000000865b900000) (1024K)]
Total: 7

Threads with active compile tasks:
Total: 0

VM state: not at safepoint (normal execution)

VM Mutex/Monitor currently owned by a thread: None

Heap address: 0x0000000706a00000, size: 3990 MB, Compressed Oops mode: Zero based, Oop shift amount: 3

CDS archive(s) mapped at: [0x0000026280000000-0x0000026280d40000-0x0000026280d40000), size 13893632, SharedBaseAddress: 0x0000026280000000, ArchiveRelocationMode: 1.
Compressed class space mapped at: 0x0000026281000000-0x00000262c1000000, reserved size: 1073741824
UseCompressedClassPointers 1, UseCompactObjectHeaders 0
Narrow klass pointer bits 32, Max shift 3
Narrow klass base: 0x0000026280000000, Narrow klass shift: 0
Encoding Range: [0x0000026280000000 - 0x0000026380000000), (4294967296 bytes)
Klass Range:    [0x0000026280000000 - 0x00000262c1000000), (1090519040 bytes)
Klass ID Range:  [8 - 1090519033) (1090519025)

GC Precious Log:
 CardTable entry size: 512
 Card Set container configuration: InlinePtr #cards 4 size 8 Array Of Cards #cards 16 size 48 Howl #buckets 8 coarsen threshold 3686 Howl Bitmap #cards 512 size 80 coarsen threshold 460 Card regions per heap region 1 cards per card region 4096
 CPUs: 18 total, 18 available
 Memory: 15955M
 Large Page Support: Disabled
 NUMA Support: Disabled
 Compressed Oops: Enabled (Zero based)
 Heap Region Size: 2M
 Heap Min Capacity: 8M
 Heap Initial Capacity: 250M
 Heap Max Capacity: 3990M
 Pre-touch: Disabled
 Parallel Workers: 14
 Concurrent Workers: 4
 Concurrent Refinement Workers: 14
 Periodic GC: Disabled

Heap:
 garbage-first heap   total reserved 4085760K, committed 258048K, used 21616K [0x0000000706a00000, 0x0000000800000000)
  region size 2048K, 11 young (22528K), 0 survivors (0K)
 Metaspace       used 3527K, committed 3712K, reserved 1114112K
  class space    used 303K, committed 384K, reserved 1048576K

Heap Regions: E=young(eden), S=young(survivor), O=old, HS=humongous(starts), HC=humongous(continues), CS=collection set, F=free, TAMS=top-at-mark-start, PB=parsable bottom
|   0|0x0000000706a00000, 0x0000000706a00000, 0x0000000706c00000|  0%| F|  |TAMS 0x0000000706a00000| PB 0x0000000706a00000| Untracked |  0
|   1|0x0000000706c00000, 0x0000000706c00000, 0x0000000706e00000|  0%| F|  |TAMS 0x0000000706c00000| PB 0x0000000706c00000| Untracked |  0
|   2|0x0000000706e00000, 0x0000000706e00000, 0x0000000707000000|  0%| F|  |TAMS 0x0000000706e00000| PB 0x0000000706e00000| Untracked |  0
|   3|0x0000000707000000, 0x0000000707000000, 0x0000000707200000|  0%| F|  |TAMS 0x0000000707000000| PB 0x0000000707000000| Untracked |  0
|   4|0x0000000707200000, 0x0000000707200000, 0x0000000707400000|  0%| F|  |TAMS 0x0000000707200000| PB 0x0000000707200000| Untracked |  0
|   5|0x0000000707400000, 0x0000000707400000, 0x0000000707600000|  0%| F|  |TAMS 0x0000000707400000| PB 0x0000000707400000| Untracked |  0
|   6|0x0000000707600000, 0x0000000707600000, 0x0000000707800000|  0%| F|  |TAMS 0x0000000707600000| PB 0x0000000707600000| Untracked |  0
|   7|0x0000000707800000, 0x0000000707800000, 0x0000000707a00000|  0%| F|  |TAMS 0x0000000707800000| PB 0x0000000707800000| Untracked |  0
|   8|0x0000000707a00000, 0x0000000707a00000, 0x0000000707c00000|  0%| F|  |TAMS 0x0000000707a00000| PB 0x0000000707a00000| Untracked |  0
|   9|0x0000000707c00000, 0x0000000707c00000, 0x0000000707e00000|  0%| F|  |TAMS 0x0000000707c00000| PB 0x0000000707c00000| Untracked |  0
|  10|0x0000000707e00000, 0x0000000707e00000, 0x0000000708000000|  0%| F|  |TAMS 0x0000000707e00000| PB 0x0000000707e00000| Untracked |  0
|  11|0x0000000708000000, 0x0000000708000000, 0x0000000708200000|  0%| F|  |TAMS 0x0000000708000000| PB 0x0000000708000000| Untracked |  0
|  12|0x0000000708200000, 0x0000000708200000, 0x0000000708400000|  0%| F|  |TAMS 0x0000000708200000| PB 0x0000000708200000| Untracked |  0
|  13|0x0000000708400000, 0x0000000708400000, 0x0000000708600000|  0%| F|  |TAMS 0x0000000708400000| PB 0x0000000708400000| Untracked |  0
|  14|0x0000000708600000, 0x0000000708600000, 0x0000000708800000|  0%| F|  |TAMS 0x0000000708600000| PB 0x0000000708600000| Untracked |  0
|  15|0x0000000708800000, 0x0000000708800000, 0x0000000708a00000|  0%| F|  |TAMS 0x0000000708800000| PB 0x0000000708800000| Untracked |  0
|  16|0x0000000708a00000, 0x0000000708a00000, 0x0000000708c00000|  0%| F|  |TAMS 0x0000000708a00000| PB 0x0000000708a00000| Untracked |  0
|  17|0x0000000708c00000, 0x0000000708c00000, 0x0000000708e00000|  0%| F|  |TAMS 0x0000000708c00000| PB 0x0000000708c00000| Untracked |  0
|  18|0x0000000708e00000, 0x0000000708e00000, 0x0000000709000000|  0%| F|  |TAMS 0x0000000708e00000| PB 0x0000000708e00000| Untracked |  0
|  19|0x0000000709000000, 0x0000000709000000, 0x0000000709200000|  0%| F|  |TAMS 0x0000000709000000| PB 0x0000000709000000| Untracked |  0
|  20|0x0000000709200000, 0x0000000709200000, 0x0000000709400000|  0%| F|  |TAMS 0x0000000709200000| PB 0x0000000709200000| Untracked |  0
|  21|0x0000000709400000, 0x0000000709400000, 0x0000000709600000|  0%| F|  |TAMS 0x0000000709400000| PB 0x0000000709400000| Untracked |  0
|  22|0x0000000709600000, 0x0000000709600000, 0x0000000709800000|  0%| F|  |TAMS 0x0000000709600000| PB 0x0000000709600000| Untracked |  0
|  23|0x0000000709800000, 0x0000000709800000, 0x0000000709a00000|  0%| F|  |TAMS 0x0000000709800000| PB 0x0000000709800000| Untracked |  0
|  24|0x0000000709a00000, 0x0000000709a00000, 0x0000000709c00000|  0%| F|  |TAMS 0x0000000709a00000| PB 0x0000000709a00000| Untracked |  0
|  25|0x0000000709c00000, 0x0000000709c00000, 0x0000000709e00000|  0%| F|  |TAMS 0x0000000709c00000| PB 0x0000000709c00000| Untracked |  0
|  26|0x0000000709e00000, 0x0000000709e00000, 0x000000070a000000|  0%| F|  |TAMS 0x0000000709e00000| PB 0x0000000709e00000| Untracked |  0
|  27|0x000000070a000000, 0x000000070a000000, 0x000000070a200000|  0%| F|  |TAMS 0x000000070a000000| PB 0x000000070a000000| Untracked |  0
|  28|0x000000070a200000, 0x000000070a200000, 0x000000070a400000|  0%| F|  |TAMS 0x000000070a200000| PB 0x000000070a200000| Untracked |  0
|  29|0x000000070a400000, 0x000000070a400000, 0x000000070a600000|  0%| F|  |TAMS 0x000000070a400000| PB 0x000000070a400000| Untracked |  0
|  30|0x000000070a600000, 0x000000070a600000, 0x000000070a800000|  0%| F|  |TAMS 0x000000070a600000| PB 0x000000070a600000| Untracked |  0
|  31|0x000000070a800000, 0x000000070a800000, 0x000000070aa00000|  0%| F|  |TAMS 0x000000070a800000| PB 0x000000070a800000| Untracked |  0
|  32|0x000000070aa00000, 0x000000070aa00000, 0x000000070ac00000|  0%| F|  |TAMS 0x000000070aa00000| PB 0x000000070aa00000| Untracked |  0
|  33|0x000000070ac00000, 0x000000070ac00000, 0x000000070ae00000|  0%| F|  |TAMS 0x000000070ac00000| PB 0x000000070ac00000| Untracked |  0
|  34|0x000000070ae00000, 0x000000070ae00000, 0x000000070b000000|  0%| F|  |TAMS 0x000000070ae00000| PB 0x000000070ae00000| Untracked |  0
|  35|0x000000070b000000, 0x000000070b000000, 0x000000070b200000|  0%| F|  |TAMS 0x000000070b000000| PB 0x000000070b000000| Untracked |  0
|  36|0x000000070b200000, 0x000000070b200000, 0x000000070b400000|  0%| F|  |TAMS 0x000000070b200000| PB 0x000000070b200000| Untracked |  0
|  37|0x000000070b400000, 0x000000070b400000, 0x000000070b600000|  0%| F|  |TAMS 0x000000070b400000| PB 0x000000070b400000| Untracked |  0
|  38|0x000000070b600000, 0x000000070b600000, 0x000000070b800000|  0%| F|  |TAMS 0x000000070b600000| PB 0x000000070b600000| Untracked |  0
|  39|0x000000070b800000, 0x000000070b800000, 0x000000070ba00000|  0%| F|  |TAMS 0x000000070b800000| PB 0x000000070b800000| Untracked |  0
|  40|0x000000070ba00000, 0x000000070ba00000, 0x000000070bc00000|  0%| F|  |TAMS 0x000000070ba00000| PB 0x000000070ba00000| Untracked |  0
|  41|0x000000070bc00000, 0x000000070bc00000, 0x000000070be00000|  0%| F|  |TAMS 0x000000070bc00000| PB 0x000000070bc00000| Untracked |  0
|  42|0x000000070be00000, 0x000000070be00000, 0x000000070c000000|  0%| F|  |TAMS 0x000000070be00000| PB 0x000000070be00000| Untracked |  0
|  43|0x000000070c000000, 0x000000070c000000, 0x000000070c200000|  0%| F|  |TAMS 0x000000070c000000| PB 0x000000070c000000| Untracked |  0
|  44|0x000000070c200000, 0x000000070c200000, 0x000000070c400000|  0%| F|  |TAMS 0x000000070c200000| PB 0x000000070c200000| Untracked |  0
|  45|0x000000070c400000, 0x000000070c400000, 0x000000070c600000|  0%| F|  |TAMS 0x000000070c400000| PB 0x000000070c400000| Untracked |  0
|  46|0x000000070c600000, 0x000000070c600000, 0x000000070c800000|  0%| F|  |TAMS 0x000000070c600000| PB 0x000000070c600000| Untracked |  0
|  47|0x000000070c800000, 0x000000070c800000, 0x000000070ca00000|  0%| F|  |TAMS 0x000000070c800000| PB 0x000000070c800000| Untracked |  0
|  48|0x000000070ca00000, 0x000000070ca00000, 0x000000070cc00000|  0%| F|  |TAMS 0x000000070ca00000| PB 0x000000070ca00000| Untracked |  0
|  49|0x000000070cc00000, 0x000000070cc00000, 0x000000070ce00000|  0%| F|  |TAMS 0x000000070cc00000| PB 0x000000070cc00000| Untracked |  0
|  50|0x000000070ce00000, 0x000000070ce00000, 0x000000070d000000|  0%| F|  |TAMS 0x000000070ce00000| PB 0x000000070ce00000| Untracked |  0
|  51|0x000000070d000000, 0x000000070d000000, 0x000000070d200000|  0%| F|  |TAMS 0x000000070d000000| PB 0x000000070d000000| Untracked |  0
|  52|0x000000070d200000, 0x000000070d200000, 0x000000070d400000|  0%| F|  |TAMS 0x000000070d200000| PB 0x000000070d200000| Untracked |  0
|  53|0x000000070d400000, 0x000000070d400000, 0x000000070d600000|  0%| F|  |TAMS 0x000000070d400000| PB 0x000000070d400000| Untracked |  0
|  54|0x000000070d600000, 0x000000070d600000, 0x000000070d800000|  0%| F|  |TAMS 0x000000070d600000| PB 0x000000070d600000| Untracked |  0
|  55|0x000000070d800000, 0x000000070d800000, 0x000000070da00000|  0%| F|  |TAMS 0x000000070d800000| PB 0x000000070d800000| Untracked |  0
|  56|0x000000070da00000, 0x000000070da00000, 0x000000070dc00000|  0%| F|  |TAMS 0x000000070da00000| PB 0x000000070da00000| Untracked |  0
|  57|0x000000070dc00000, 0x000000070dc00000, 0x000000070de00000|  0%| F|  |TAMS 0x000000070dc00000| PB 0x000000070dc00000| Untracked |  0
|  58|0x000000070de00000, 0x000000070de00000, 0x000000070e000000|  0%| F|  |TAMS 0x000000070de00000| PB 0x000000070de00000| Untracked |  0
|  59|0x000000070e000000, 0x000000070e000000, 0x000000070e200000|  0%| F|  |TAMS 0x000000070e000000| PB 0x000000070e000000| Untracked |  0
|  60|0x000000070e200000, 0x000000070e200000, 0x000000070e400000|  0%| F|  |TAMS 0x000000070e200000| PB 0x000000070e200000| Untracked |  0
|  61|0x000000070e400000, 0x000000070e400000, 0x000000070e600000|  0%| F|  |TAMS 0x000000070e400000| PB 0x000000070e400000| Untracked |  0
|  62|0x000000070e600000, 0x000000070e600000, 0x000000070e800000|  0%| F|  |TAMS 0x000000070e600000| PB 0x000000070e600000| Untracked |  0
|  63|0x000000070e800000, 0x000000070e800000, 0x000000070ea00000|  0%| F|  |TAMS 0x000000070e800000| PB 0x000000070e800000| Untracked |  0
|  64|0x000000070ea00000, 0x000000070ea00000, 0x000000070ec00000|  0%| F|  |TAMS 0x000000070ea00000| PB 0x000000070ea00000| Untracked |  0
|  65|0x000000070ec00000, 0x000000070ec00000, 0x000000070ee00000|  0%| F|  |TAMS 0x000000070ec00000| PB 0x000000070ec00000| Untracked |  0
|  66|0x000000070ee00000, 0x000000070ee00000, 0x000000070f000000|  0%| F|  |TAMS 0x000000070ee00000| PB 0x000000070ee00000| Untracked |  0
|  67|0x000000070f000000, 0x000000070f000000, 0x000000070f200000|  0%| F|  |TAMS 0x000000070f000000| PB 0x000000070f000000| Untracked |  0
|  68|0x000000070f200000, 0x000000070f200000, 0x000000070f400000|  0%| F|  |TAMS 0x000000070f200000| PB 0x000000070f200000| Untracked |  0
|  69|0x000000070f400000, 0x000000070f400000, 0x000000070f600000|  0%| F|  |TAMS 0x000000070f400000| PB 0x000000070f400000| Untracked |  0
|  70|0x000000070f600000, 0x000000070f600000, 0x000000070f800000|  0%| F|  |TAMS 0x000000070f600000| PB 0x000000070f600000| Untracked |  0
|  71|0x000000070f800000, 0x000000070f800000, 0x000000070fa00000|  0%| F|  |TAMS 0x000000070f800000| PB 0x000000070f800000| Untracked |  0
|  72|0x000000070fa00000, 0x000000070fa00000, 0x000000070fc00000|  0%| F|  |TAMS 0x000000070fa00000| PB 0x000000070fa00000| Untracked |  0
|  73|0x000000070fc00000, 0x000000070fc00000, 0x000000070fe00000|  0%| F|  |TAMS 0x000000070fc00000| PB 0x000000070fc00000| Untracked |  0
|  74|0x000000070fe00000, 0x000000070fe00000, 0x0000000710000000|  0%| F|  |TAMS 0x000000070fe00000| PB 0x000000070fe00000| Untracked |  0
|  75|0x0000000710000000, 0x0000000710000000, 0x0000000710200000|  0%| F|  |TAMS 0x0000000710000000| PB 0x0000000710000000| Untracked |  0
|  76|0x0000000710200000, 0x0000000710200000, 0x0000000710400000|  0%| F|  |TAMS 0x0000000710200000| PB 0x0000000710200000| Untracked |  0
|  77|0x0000000710400000, 0x0000000710400000, 0x0000000710600000|  0%| F|  |TAMS 0x0000000710400000| PB 0x0000000710400000| Untracked |  0
|  78|0x0000000710600000, 0x0000000710600000, 0x0000000710800000|  0%| F|  |TAMS 0x0000000710600000| PB 0x0000000710600000| Untracked |  0
|  79|0x0000000710800000, 0x0000000710800000, 0x0000000710a00000|  0%| F|  |TAMS 0x0000000710800000| PB 0x0000000710800000| Untracked |  0
|  80|0x0000000710a00000, 0x0000000710a00000, 0x0000000710c00000|  0%| F|  |TAMS 0x0000000710a00000| PB 0x0000000710a00000| Untracked |  0
|  81|0x0000000710c00000, 0x0000000710c00000, 0x0000000710e00000|  0%| F|  |TAMS 0x0000000710c00000| PB 0x0000000710c00000| Untracked |  0
|  82|0x0000000710e00000, 0x0000000710e00000, 0x0000000711000000|  0%| F|  |TAMS 0x0000000710e00000| PB 0x0000000710e00000| Untracked |  0
|  83|0x0000000711000000, 0x0000000711000000, 0x0000000711200000|  0%| F|  |TAMS 0x0000000711000000| PB 0x0000000711000000| Untracked |  0
|  84|0x0000000711200000, 0x0000000711200000, 0x0000000711400000|  0%| F|  |TAMS 0x0000000711200000| PB 0x0000000711200000| Untracked |  0
|  85|0x0000000711400000, 0x0000000711400000, 0x0000000711600000|  0%| F|  |TAMS 0x0000000711400000| PB 0x0000000711400000| Untracked |  0
|  86|0x0000000711600000, 0x0000000711600000, 0x0000000711800000|  0%| F|  |TAMS 0x0000000711600000| PB 0x0000000711600000| Untracked |  0
|  87|0x0000000711800000, 0x0000000711800000, 0x0000000711a00000|  0%| F|  |TAMS 0x0000000711800000| PB 0x0000000711800000| Untracked |  0
|  88|0x0000000711a00000, 0x0000000711a00000, 0x0000000711c00000|  0%| F|  |TAMS 0x0000000711a00000| PB 0x0000000711a00000| Untracked |  0
|  89|0x0000000711c00000, 0x0000000711c00000, 0x0000000711e00000|  0%| F|  |TAMS 0x0000000711c00000| PB 0x0000000711c00000| Untracked |  0
|  90|0x0000000711e00000, 0x0000000711e00000, 0x0000000712000000|  0%| F|  |TAMS 0x0000000711e00000| PB 0x0000000711e00000| Untracked |  0
|  91|0x0000000712000000, 0x0000000712000000, 0x0000000712200000|  0%| F|  |TAMS 0x0000000712000000| PB 0x0000000712000000| Untracked |  0
|  92|0x0000000712200000, 0x0000000712200000, 0x0000000712400000|  0%| F|  |TAMS 0x0000000712200000| PB 0x0000000712200000| Untracked |  0
|  93|0x0000000712400000, 0x0000000712400000, 0x0000000712600000|  0%| F|  |TAMS 0x0000000712400000| PB 0x0000000712400000| Untracked |  0
|  94|0x0000000712600000, 0x0000000712600000, 0x0000000712800000|  0%| F|  |TAMS 0x0000000712600000| PB 0x0000000712600000| Untracked |  0
|  95|0x0000000712800000, 0x0000000712800000, 0x0000000712a00000|  0%| F|  |TAMS 0x0000000712800000| PB 0x0000000712800000| Untracked |  0
|  96|0x0000000712a00000, 0x0000000712a00000, 0x0000000712c00000|  0%| F|  |TAMS 0x0000000712a00000| PB 0x0000000712a00000| Untracked |  0
|  97|0x0000000712c00000, 0x0000000712c00000, 0x0000000712e00000|  0%| F|  |TAMS 0x0000000712c00000| PB 0x0000000712c00000| Untracked |  0
|  98|0x0000000712e00000, 0x0000000712e00000, 0x0000000713000000|  0%| F|  |TAMS 0x0000000712e00000| PB 0x0000000712e00000| Untracked |  0
|  99|0x0000000713000000, 0x0000000713000000, 0x0000000713200000|  0%| F|  |TAMS 0x0000000713000000| PB 0x0000000713000000| Untracked |  0
| 100|0x0000000713200000, 0x0000000713200000, 0x0000000713400000|  0%| F|  |TAMS 0x0000000713200000| PB 0x0000000713200000| Untracked |  0
| 101|0x0000000713400000, 0x0000000713400000, 0x0000000713600000|  0%| F|  |TAMS 0x0000000713400000| PB 0x0000000713400000| Untracked |  0
| 102|0x0000000713600000, 0x0000000713600000, 0x0000000713800000|  0%| F|  |TAMS 0x0000000713600000| PB 0x0000000713600000| Untracked |  0
| 103|0x0000000713800000, 0x0000000713800000, 0x0000000713a00000|  0%| F|  |TAMS 0x0000000713800000| PB 0x0000000713800000| Untracked |  0
| 104|0x0000000713a00000, 0x0000000713a00000, 0x0000000713c00000|  0%| F|  |TAMS 0x0000000713a00000| PB 0x0000000713a00000| Untracked |  0
| 105|0x0000000713c00000, 0x0000000713c00000, 0x0000000713e00000|  0%| F|  |TAMS 0x0000000713c00000| PB 0x0000000713c00000| Untracked |  0
| 106|0x0000000713e00000, 0x0000000713e00000, 0x0000000714000000|  0%| F|  |TAMS 0x0000000713e00000| PB 0x0000000713e00000| Untracked |  0
| 107|0x0000000714000000, 0x0000000714000000, 0x0000000714200000|  0%| F|  |TAMS 0x0000000714000000| PB 0x0000000714000000| Untracked |  0
| 108|0x0000000714200000, 0x0000000714200000, 0x0000000714400000|  0%| F|  |TAMS 0x0000000714200000| PB 0x0000000714200000| Untracked |  0
| 109|0x0000000714400000, 0x0000000714400000, 0x0000000714600000|  0%| F|  |TAMS 0x0000000714400000| PB 0x0000000714400000| Untracked |  0
| 110|0x0000000714600000, 0x0000000714600000, 0x0000000714800000|  0%| F|  |TAMS 0x0000000714600000| PB 0x0000000714600000| Untracked |  0
| 111|0x0000000714800000, 0x0000000714800000, 0x0000000714a00000|  0%| F|  |TAMS 0x0000000714800000| PB 0x0000000714800000| Untracked |  0
| 112|0x0000000714a00000, 0x0000000714a00000, 0x0000000714c00000|  0%| F|  |TAMS 0x0000000714a00000| PB 0x0000000714a00000| Untracked |  0
| 113|0x0000000714c00000, 0x0000000714c00000, 0x0000000714e00000|  0%| F|  |TAMS 0x0000000714c00000| PB 0x0000000714c00000| Untracked |  0
| 114|0x0000000714e00000, 0x0000000714f0fc80, 0x0000000715000000| 53%| E|  |TAMS 0x0000000714e00000| PB 0x0000000714e00000| Complete |  0
| 115|0x0000000715000000, 0x0000000715200000, 0x0000000715200000|100%| E|CS|TAMS 0x0000000715000000| PB 0x0000000715000000| Complete |  0
| 116|0x0000000715200000, 0x0000000715400000, 0x0000000715400000|100%| E|CS|TAMS 0x0000000715200000| PB 0x0000000715200000| Complete |  0
| 117|0x0000000715400000, 0x0000000715600000, 0x0000000715600000|100%| E|CS|TAMS 0x0000000715400000| PB 0x0000000715400000| Complete |  0
| 118|0x0000000715600000, 0x0000000715800000, 0x0000000715800000|100%| E|CS|TAMS 0x0000000715600000| PB 0x0000000715600000| Complete |  0
| 119|0x0000000715800000, 0x0000000715a00000, 0x0000000715a00000|100%| E|CS|TAMS 0x0000000715800000| PB 0x0000000715800000| Complete |  0
| 120|0x0000000715a00000, 0x0000000715c00000, 0x0000000715c00000|100%| E|CS|TAMS 0x0000000715a00000| PB 0x0000000715a00000| Complete |  0
| 121|0x0000000715c00000, 0x0000000715e00000, 0x0000000715e00000|100%| E|CS|TAMS 0x0000000715c00000| PB 0x0000000715c00000| Complete |  0
| 122|0x0000000715e00000, 0x0000000716000000, 0x0000000716000000|100%| E|CS|TAMS 0x0000000715e00000| PB 0x0000000715e00000| Complete |  0
| 123|0x0000000716000000, 0x0000000716200000, 0x0000000716200000|100%| E|CS|TAMS 0x0000000716000000| PB 0x0000000716000000| Complete |  0
| 124|0x0000000716200000, 0x0000000716400000, 0x0000000716400000|100%| E|CS|TAMS 0x0000000716200000| PB 0x0000000716200000| Complete |  0
|1994|0x00000007ffe00000, 0x00000007fff1c288, 0x0000000800000000| 55%| O|  |TAMS 0x00000007ffe00000| PB 0x00000007ffe00000| Untracked |  0

Card table byte_map: [0x00000262efa20000,0x00000262f01f0000] _byte_map_base: 0x00000262ec1eb000

Marking Bits: (CMBitMap*) 0x00000262d5eb05e0
 Bits: [0x00000262f01f0000, 0x00000262f4048000)

Polling page: 0x00000262d4130000

Metaspace:

Usage:
  Non-class:      3.15 MB used.
      Class:    303.25 KB used.
       Both:      3.44 MB used.

Virtual space:
  Non-class space:       64.00 MB reserved,       3.25 MB (  5%) committed,  1 nodes.
      Class space:        1.00 GB reserved,     384.00 KB ( <1%) committed,  1 nodes.
             Both:        1.06 GB reserved,       3.62 MB ( <1%) committed. 

Chunk freelists:
   Non-Class:  11.93 MB
       Class:  15.59 MB
        Both:  27.51 MB

MaxMetaspaceSize: unlimited
CompressedClassSpaceSize: 1.00 GB
Initial GC threshold: 21.00 MB
Current GC threshold: 21.00 MB
CDS: on
 - commit_granule_bytes: 65536.
 - commit_granule_words: 8192.
 - virtual_space_node_default_size: 8388608.
 - enlarge_chunks_in_place: 1.
UseCompressedClassPointers 1, UseCompactObjectHeaders 0
Narrow klass pointer bits 32, Max shift 3
Narrow klass base: 0x0000026280000000, Narrow klass shift: 0
Encoding Range: [0x0000026280000000 - 0x0000026380000000), (4294967296 bytes)
Klass Range:    [0x0000026280000000 - 0x00000262c1000000), (1090519040 bytes)
Klass ID Range:  [8 - 1090519033) (1090519025)


Internal statistics:

num_allocs_failed_limit: 0.
num_arena_births: 68.
num_arena_deaths: 0.
num_vsnodes_births: 2.
num_vsnodes_deaths: 0.
num_space_committed: 58.
num_space_uncommitted: 0.
num_chunks_returned_to_freelist: 0.
num_chunks_taken_from_freelist: 73.
num_chunk_merges: 0.
num_chunk_splits: 52.
num_chunks_enlarged: 33.
num_inconsistent_stats: 0.

CodeHeap 'non-profiled nmethods': size=119232Kb used=405Kb max_used=405Kb free=118826Kb
 bounds [0x00000262e6ee0000, 0x00000262e7150000, 0x00000262ee350000]
CodeHeap 'profiled nmethods': size=119104Kb used=1979Kb max_used=1979Kb free=117124Kb
 bounds [0x00000262df350000, 0x00000262df5c0000, 0x00000262e67a0000]
CodeHeap 'non-nmethods': size=7424Kb used=2966Kb max_used=3010Kb free=4458Kb
 bounds [0x00000262e67a0000, 0x00000262e6aa0000, 0x00000262e6ee0000]
CodeCache: size=245760Kb, used=5350Kb, max_used=5394Kb, free=240408Kb
 total_blobs=1826, nmethods=1377, adapters=352, full_count=0
Compilation: enabled, stopped_count=0, restarted_count=0

Compilation events (20 events):
Event: 0.529 Thread 0x00000262c114e360 nmethod 1369 0x00000262e6f3e988 code [0x00000262e6f3ea80, 0x00000262e6f3eb48]
Event: 0.529 Thread 0x00000262c138dfb0 nmethod 1373 0x00000262df53c208 code [0x00000262df53c4a0, 0x00000262df53d920]
Event: 0.529 Thread 0x00000262c127c0f0 1376       3       java.util.Comparator$$Lambda/0x0000026281073af0::compare (10 bytes)
Event: 0.529 Thread 0x00000262c114e360 1377       3       java.util.Comparator::lambda$comparingLong$6043328a$1 (18 bytes)
Event: 0.529 Thread 0x00000262c127d200 nmethod 1372 0x00000262df53da08 code [0x00000262df53db60, 0x00000262df53e128]
Event: 0.530 Thread 0x00000262c114e360 nmethod 1377 0x00000262df53e188 code [0x00000262df53e2e0, 0x00000262df53e6d8]
Event: 0.530 Thread 0x00000262c127d200 1375       1       jdk.jfr.internal.periodic.PeriodicTask::getPeriod (5 bytes)
Event: 0.530 Thread 0x00000262c127c0f0 nmethod 1376 0x00000262df53e708 code [0x00000262df53e860, 0x00000262df53ecf0]
Event: 0.530 Thread 0x00000262c138dfb0 1374       1       jdk.jfr.internal.periodic.EventTask::getEventType (5 bytes)
Event: 0.530 Thread 0x00000262c127d200 nmethod 1375 0x00000262e6f3ec88 code [0x00000262e6f3ed80, 0x00000262e6f3ee48]
Event: 0.530 Thread 0x00000262c138dfb0 nmethod 1374 0x00000262e6f3ef88 code [0x00000262e6f3f080, 0x00000262e6f3f148]
Event: 0.531 Thread 0x00000262c6e99f20 nmethod 1341 0x00000262e6f3f288 code [0x00000262e6f3f480, 0x00000262e6f40f50]
Event: 0.531 Thread 0x00000262c6e99f20 1371       4       java.util.HashMap$HashIterator::nextNode (100 bytes)
Event: 0.534 Thread 0x00000262c6e99f20 nmethod 1371 0x00000262e6f41008 code [0x00000262e6f41120, 0x00000262e6f41728]
Event: 0.534 Thread 0x00000262c6e99f20 1348       4       java.util.LinkedHashMap::linkNodeAtEnd (76 bytes)
Event: 0.535 Thread 0x00000262c11453c0 nmethod 1343 0x00000262e6f41788 code [0x00000262e6f41900, 0x00000262e6f420d0]
Event: 0.535 Thread 0x00000262c1464790 nmethod 1315 0x00000262e6f42188 code [0x00000262e6f422e0, 0x00000262e6f42b40]
Event: 0.537 Thread 0x00000262c6e99f20 nmethod 1348 0x00000262e6f42c08 code [0x00000262e6f42d20, 0x00000262e6f43248]
Event: 0.540 Thread 0x00000262c6e960f0 nmethod 1357 0x00000262e6f43288 code [0x00000262e6f433a0, 0x00000262e6f43910]
Event: 0.547 Thread 0x00000262c13de530 nmethod 1325 0x00000262e6f43988 code [0x00000262e6f43c40, 0x00000262e6f455c8]

GC Heap History (0 events):
No events

Dll operation events (9 events):
Event: 0.034 Loaded shared library C:\Users\caue_\.jdks\openjdk-24.0.1\bin\java.dll
Event: 0.063 Loaded shared library C:\Users\caue_\.jdks\openjdk-24.0.1\bin\jsvml.dll
Event: 0.112 Loaded shared library C:\Users\caue_\.jdks\openjdk-24.0.1\bin\zip.dll
Event: 0.116 Loaded shared library C:\Users\caue_\.jdks\openjdk-24.0.1\bin\instrument.dll
Event: 0.122 Loaded shared library C:\Users\caue_\.jdks\openjdk-24.0.1\bin\net.dll
Event: 0.125 Loaded shared library C:\Users\caue_\.jdks\openjdk-24.0.1\bin\nio.dll
Event: 0.128 Loaded shared library C:\Users\caue_\.jdks\openjdk-24.0.1\bin\zip.dll
Event: 0.173 Loaded shared library C:\Users\caue_\.jdks\openjdk-24.0.1\bin\extnet.dll
Event: 0.257 Loaded shared library C:\Users\caue_\.jdks\openjdk-24.0.1\bin\jimage.dll

Deoptimization events (20 events):
Event: 0.489 Thread 0x00000262c700a4e0 Uncommon trap: trap_request=0xffffffd6 fr.pc=0x00000262e6f34420 relative=0x00000000000006c0
Event: 0.489 Thread 0x00000262c700a4e0 Uncommon trap: reason=array_check action=maybe_recompile pc=0x00000262e6f34420 method=jdk.internal.classfile.impl.SplitConstantPool.internalAdd(Ljava/lang/classfile/constantpool/PoolEntry;I)Ljava/lang/classfile/constantpool/PoolEntry; @ 46 c2
Event: 0.489 Thread 0x00000262c700a4e0 DEOPT PACKING pc=0x00000262e6f34420 sp=0x000000865cdfdce0
Event: 0.489 Thread 0x00000262c700a4e0 DEOPT UNPACKING pc=0x00000262e68b8602 sp=0x000000865cdfdc90 mode 2
Event: 0.489 Thread 0x00000262c700a4e0 Uncommon trap: trap_request=0xffffffd6 fr.pc=0x00000262e6f34420 relative=0x00000000000006c0
Event: 0.489 Thread 0x00000262c700a4e0 Uncommon trap: reason=array_check action=maybe_recompile pc=0x00000262e6f34420 method=jdk.internal.classfile.impl.SplitConstantPool.internalAdd(Ljava/lang/classfile/constantpool/PoolEntry;I)Ljava/lang/classfile/constantpool/PoolEntry; @ 46 c2
Event: 0.489 Thread 0x00000262c700a4e0 DEOPT PACKING pc=0x00000262e6f34420 sp=0x000000865cdfdce0
Event: 0.489 Thread 0x00000262c700a4e0 DEOPT UNPACKING pc=0x00000262e68b8602 sp=0x000000865cdfdc90 mode 2
Event: 0.489 Thread 0x00000262c700a4e0 Uncommon trap: trap_request=0xffffffd6 fr.pc=0x00000262e6f34420 relative=0x00000000000006c0
Event: 0.489 Thread 0x00000262c700a4e0 Uncommon trap: reason=array_check action=maybe_recompile pc=0x00000262e6f34420 method=jdk.internal.classfile.impl.SplitConstantPool.internalAdd(Ljava/lang/classfile/constantpool/PoolEntry;I)Ljava/lang/classfile/constantpool/PoolEntry; @ 46 c2
Event: 0.489 Thread 0x00000262c700a4e0 DEOPT PACKING pc=0x00000262e6f34420 sp=0x000000865cdfda50
Event: 0.489 Thread 0x00000262c700a4e0 DEOPT UNPACKING pc=0x00000262e68b8602 sp=0x000000865cdfda00 mode 2
Event: 0.489 Thread 0x00000262c700a4e0 Uncommon trap: trap_request=0xffffffd6 fr.pc=0x00000262e6f34420 relative=0x00000000000006c0
Event: 0.489 Thread 0x00000262c700a4e0 Uncommon trap: reason=array_check action=maybe_recompile pc=0x00000262e6f34420 method=jdk.internal.classfile.impl.SplitConstantPool.internalAdd(Ljava/lang/classfile/constantpool/PoolEntry;I)Ljava/lang/classfile/constantpool/PoolEntry; @ 46 c2
Event: 0.489 Thread 0x00000262c700a4e0 DEOPT PACKING pc=0x00000262e6f34420 sp=0x000000865cdfda50
Event: 0.489 Thread 0x00000262c700a4e0 DEOPT UNPACKING pc=0x00000262e68b8602 sp=0x000000865cdfda00 mode 2
Event: 0.508 Thread 0x00000262d636dfc0 Uncommon trap: trap_request=0xffffff4d fr.pc=0x00000262e6f21914 relative=0x00000000000000f4
Event: 0.508 Thread 0x00000262d636dfc0 Uncommon trap: reason=unstable_if action=reinterpret pc=0x00000262e6f21914 method=java.lang.Long.valueOf(J)Ljava/lang/Long; @ 9 c2
Event: 0.508 Thread 0x00000262d636dfc0 DEOPT PACKING pc=0x00000262e6f21914 sp=0x000000865b3fdfd0
Event: 0.508 Thread 0x00000262d636dfc0 DEOPT UNPACKING pc=0x00000262e68b8602 sp=0x000000865b3fdf68 mode 2

Classes loaded (20 events):
Event: 0.501 Loading class jdk/jfr/internal/MetadataWriter
Event: 0.501 Loading class jdk/jfr/internal/MetadataWriter done
Event: 0.501 Loading class jdk/jfr/internal/MetadataDescriptor$Element
Event: 0.502 Loading class jdk/jfr/internal/MetadataDescriptor$Element done
Event: 0.502 Loading class jdk/jfr/internal/MetadataDescriptor$Attribute
Event: 0.503 Loading class jdk/jfr/internal/MetadataDescriptor$Attribute done
Event: 0.511 Loading class jdk/jfr/internal/consumer/StringParser$Encoding
Event: 0.511 Loading class jdk/jfr/internal/consumer/StringParser$Encoding done
Event: 0.519 Loading class jdk/jfr/internal/consumer/RepositoryFiles
Event: 0.520 Loading class jdk/jfr/internal/consumer/RepositoryFiles done
Event: 0.522 Loading class jdk/jfr/internal/SettingsManager$InternalSetting
Event: 0.522 Loading class jdk/jfr/internal/SettingsManager$InternalSetting done
Event: 0.523 Loading class jdk/jfr/internal/util/Rate
Event: 0.524 Loading class jdk/jfr/internal/util/Rate done
Event: 0.524 Loading class jdk/jfr/internal/util/TimespanUnit
Event: 0.524 Loading class jdk/jfr/internal/util/TimespanUnit done
Event: 0.524 Loading class jdk/jfr/internal/util/ValueParser
Event: 0.525 Loading class jdk/jfr/internal/util/ValueParser done
Event: 0.527 Loading class jdk/jfr/internal/periodic/PeriodicType
Event: 0.527 Loading class jdk/jfr/internal/periodic/PeriodicType done

Classes unloaded (0 events):
No events

Classes redefined (0 events):
No events

Internal exceptions (18 events):
Event: 0.149 Thread 0x00000262d636dfc0 Exception <a 'java/lang/NoSuchMethodError'{0x00000007161f6860}: 'void java.lang.invoke.DirectMethodHandle$Holder.invokeStatic(java.lang.Object, java.lang.Object, java.lang.Object)'> (0x00000007161f6860) 
thrown [s\open\src\hotspot\share\interpreter\linkResolver.cpp, line 805]
Event: 0.161 Thread 0x00000262d636dfc0 Exception <a 'java/lang/NoSuchMethodError'{0x0000000715e2be08}: 'java.lang.Object java.lang.invoke.Invokers$Holder.invokeExact_MT(java.lang.Object, java.lang.Object, java.lang.Object, java.lang.Object, java.lang.Object)'> (0x0000000715e2be08) 
thrown [s\open\src\hotspot\share\interpreter\linkResolver.cpp, line 805]
Event: 0.169 Thread 0x00000262d636dfc0 Exception <a 'java/lang/NoSuchMethodError'{0x0000000715e3cf40}: 'java.lang.Object java.lang.invoke.DirectMethodHandle$Holder.invokeStaticInit(java.lang.Object, java.lang.Object, java.lang.Object)'> (0x0000000715e3cf40) 
thrown [s\open\src\hotspot\share\interpreter\linkResolver.cpp, line 805]
Event: 0.172 Thread 0x00000262c1544b70 Exception <a 'java/lang/NoSuchMethodError'{0x0000000715efbe40}: 'java.lang.Object java.lang.invoke.DirectMethodHandle$Holder.invokeStaticInit(java.lang.Object)'> (0x0000000715efbe40) 
thrown [s\open\src\hotspot\share\interpreter\linkResolver.cpp, line 805]
Event: 0.175 Thread 0x00000262c1544b70 Exception <a 'java/lang/NoSuchMethodError'{0x0000000715f06a70}: 'void java.lang.invoke.DirectMethodHandle$Holder.invokeStatic(java.lang.Object, java.lang.Object)'> (0x0000000715f06a70) 
thrown [s\open\src\hotspot\share\interpreter\linkResolver.cpp, line 805]
Event: 0.287 Thread 0x00000262d636dfc0 Exception <a 'java/lang/NoSuchMethodError'{0x0000000715a23430}: 'void java.lang.invoke.DirectMethodHandle$Holder.invokeStaticInit(java.lang.Object)'> (0x0000000715a23430) 
thrown [s\open\src\hotspot\share\interpreter\linkResolver.cpp, line 805]
Event: 0.304 Thread 0x00000262d636dfc0 Exception <a 'java/lang/NoSuchMethodError'{0x0000000715a944e8}: 'void java.lang.invoke.DirectMethodHandle$Holder.invokeSpecial(java.lang.Object, java.lang.Object, java.lang.Object)'> (0x0000000715a944e8) 
thrown [s\open\src\hotspot\share\interpreter\linkResolver.cpp, line 805]
Event: 0.318 Thread 0x00000262d636dfc0 Exception <a 'java/lang/NoSuchMethodError'{0x0000000715afcbb8}: 'java.lang.Object java.lang.invoke.DirectMethodHandle$Holder.newInvokeSpecial(java.lang.Object, java.lang.Object, java.lang.Object, java.lang.Object, java.lang.Object)'> (0x0000000715afcbb8) 
thrown [s\open\src\hotspot\share\interpreter\linkResolver.cpp, line 805]
Event: 0.359 Thread 0x00000262d636dfc0 Exception <a 'java/lang/NoSuchMethodError'{0x0000000715893538}: 'long java.lang.invoke.DirectMethodHandle$Holder.invokeVirtual(java.lang.Object, java.lang.Object)'> (0x0000000715893538) 
thrown [s\open\src\hotspot\share\interpreter\linkResolver.cpp, line 805]
Event: 0.419 Thread 0x00000262d636dfc0 Exception <a 'java/lang/NoSuchMethodError'{0x00000007157ded58}: 'int java.lang.invoke.DirectMethodHandle$Holder.invokeSpecial(java.lang.Object, java.lang.Object, java.lang.Object)'> (0x00000007157ded58) 
thrown [s\open\src\hotspot\share\interpreter\linkResolver.cpp, line 805]
Event: 0.481 Thread 0x00000262d636dfc0 Exception <a 'java/lang/NoSuchMethodError'{0x00000007155b18e8}: 'void java.lang.invoke.DirectMethodHandle$Holder.invokeSpecial(java.lang.Object, java.lang.Object, int)'> (0x00000007155b18e8) 
thrown [s\open\src\hotspot\share\interpreter\linkResolver.cpp, line 805]
Event: 0.482 Thread 0x00000262d636dfc0 Exception <a 'java/lang/NoSuchMethodError'{0x00000007155b9508}: 'void java.lang.invoke.Invokers$Holder.invokeExact_MT(java.lang.Object, int, java.lang.Object)'> (0x00000007155b9508) 
thrown [s\open\src\hotspot\share\interpreter\linkResolver.cpp, line 805]
Event: 0.485 Thread 0x00000262d636dfc0 Exception <a 'java/lang/NoSuchMethodError'{0x00000007155d3db8}: 'void java.lang.invoke.DirectMethodHandle$Holder.invokeStatic(java.lang.Object, java.lang.Object, int)'> (0x00000007155d3db8) 
thrown [s\open\src\hotspot\share\interpreter\linkResolver.cpp, line 805]
Event: 0.486 Thread 0x00000262d636dfc0 Exception <a 'java/lang/NoSuchMethodError'{0x00000007155e2ea8}: 'java.lang.Object java.lang.invoke.DirectMethodHandle$Holder.newInvokeSpecial(java.lang.Object, java.lang.Object, int)'> (0x00000007155e2ea8) 
thrown [s\open\src\hotspot\share\interpreter\linkResolver.cpp, line 805]
Event: 0.487 Thread 0x00000262c700a4e0 Exception <a 'java/lang/NoSuchMethodError'{0x00000007152f7f60}: 'long java.lang.invoke.DirectMethodHandle$Holder.invokeSpecial(java.lang.Object, java.lang.Object)'> (0x00000007152f7f60) 
thrown [s\open\src\hotspot\share\interpreter\linkResolver.cpp, line 805]
Event: 0.492 Thread 0x00000262d636dfc0 Exception <a 'sun/nio/fs/WindowsException'{0x000000071522c070}> (0x000000071522c070) 
thrown [s\open\src\hotspot\share\prims\jni.cpp, line 518]
Event: 0.493 Thread 0x00000262d636dfc0 Exception <a 'sun/nio/fs/WindowsException'{0x0000000715238f28}> (0x0000000715238f28) 
thrown [s\open\src\hotspot\share\prims\jni.cpp, line 518]
Event: 0.497 Thread 0x00000262d636dfc0 Exception <a 'sun/nio/fs/WindowsException'{0x000000071524ad08}> (0x000000071524ad08) 
thrown [s\open\src\hotspot\share\prims\jni.cpp, line 518]

VM Operations (8 events):
Event: 0.095 Executing VM operation: HandshakeAllThreads (Deoptimize)
Event: 0.095 Executing VM operation: HandshakeAllThreads (Deoptimize) done
Event: 0.488 Executing VM operation: HandshakeAllThreads (Deoptimize)
Event: 0.488 Executing VM operation: HandshakeAllThreads (Deoptimize) done
Event: 0.490 Executing VM operation: HandshakeAllThreads (Deoptimize)
Event: 0.490 Executing VM operation: HandshakeAllThreads (Deoptimize) done
Event: 0.520 Executing VM operation: JFRSafepointClear
Event: 0.520 Executing VM operation: JFRSafepointClear done

Memory protections (0 events):
No events

Nmethod flushes (0 events):
No events

Events (20 events):
Event: 0.046 Thread 0x00000262d636dfc0 Thread added: 0x00000262d636dfc0
Event: 0.058 Thread 0x00000262d636dfc0 Thread added: 0x00000262d5fe6390
Event: 0.058 Thread 0x00000262d636dfc0 Thread added: 0x00000262d5fe6cd0
Event: 0.058 Thread 0x00000262d636dfc0 Thread added: 0x00000262d5fe9a30
Event: 0.058 Thread 0x00000262d636dfc0 Thread added: 0x00000262d5fea560
Event: 0.058 Thread 0x00000262d636dfc0 Thread added: 0x00000262d5feb1c0
Event: 0.059 Thread 0x00000262d636dfc0 Thread added: 0x00000262d5fee640
Event: 0.059 Thread 0x00000262d636dfc0 Thread added: 0x00000262c11453c0
Event: 0.059 Thread 0x00000262d636dfc0 Thread added: 0x00000262c114e360
Event: 0.095 Thread 0x00000262c114e360 Thread added: 0x00000262c127c0f0
Event: 0.096 Thread 0x00000262c114e360 Thread added: 0x00000262c127d200
Event: 0.119 Thread 0x00000262d636dfc0 Thread added: 0x00000262c1428050
Event: 0.132 Thread 0x00000262c114e360 Thread added: 0x00000262c138dfb0
Event: 0.134 Thread 0x00000262c127c0f0 Thread added: 0x00000262c13de530
Event: 0.139 Thread 0x00000262c138dfb0 Thread added: 0x00000262c1464790
Event: 0.163 Thread 0x00000262d636dfc0 Thread added: 0x00000262c1544b70
Event: 0.284 Thread 0x00000262d636dfc0 Thread added: 0x00000262c694c240
Event: 0.372 Thread 0x00000262c127d200 Thread added: 0x00000262c6e960f0
Event: 0.372 Thread 0x00000262c127d200 Thread added: 0x00000262c6e99f20
Event: 0.486 Thread 0x00000262d636dfc0 Thread added: 0x00000262c700a4e0


Dynamic libraries:
0x00007ff699070000 - 0x00007ff69907e000 	C:\Users\caue_\.jdks\openjdk-24.0.1\bin\java.exe
0x00007ff82cac0000 - 0x00007ff82cd26000 	C:\Windows\SYSTEM32\ntdll.dll
0x00007ff82a890000 - 0x00007ff82a959000 	C:\Windows\System32\KERNEL32.DLL
0x00007ff829c50000 - 0x00007ff82a01c000 	C:\Windows\System32\KERNELBASE.dll
0x00007ff82a160000 - 0x00007ff82a2ab000 	C:\Windows\System32\ucrtbase.dll
0x00007ff815e10000 - 0x00007ff815e2b000 	C:\Users\caue_\.jdks\openjdk-24.0.1\bin\VCRUNTIME140.dll
0x00007ff8243f0000 - 0x00007ff824406000 	C:\Users\caue_\.jdks\openjdk-24.0.1\bin\jli.dll
0x00007ff82b1c0000 - 0x00007ff82b38a000 	C:\Windows\System32\USER32.dll
0x00007ff810110000 - 0x00007ff8103aa000 	C:\Windows\WinSxS\amd64_microsoft.windows.common-controls_6595b64144ccf1df_6.0.26100.3912_none_3e07963ce335137e\COMCTL32.dll
0x00007ff82a720000 - 0x00007ff82a747000 	C:\Windows\System32\win32u.dll
0x00007ff82c060000 - 0x00007ff82c08b000 	C:\Windows\System32\GDI32.dll
0x00007ff82a020000 - 0x00007ff82a152000 	C:\Windows\System32\gdi32full.dll
0x00007ff82a370000 - 0x00007ff82a413000 	C:\Windows\System32\msvcp_win.dll
0x00007ff82b110000 - 0x00007ff82b1b9000 	C:\Windows\System32\msvcrt.dll
0x00007ff82c570000 - 0x00007ff82c5a0000 	C:\Windows\System32\IMM32.DLL
0x00007ff8246f0000 - 0x00007ff8246fc000 	C:\Users\caue_\.jdks\openjdk-24.0.1\bin\vcruntime140_1.dll
0x00007ff801b30000 - 0x00007ff801bbe000 	C:\Users\caue_\.jdks\openjdk-24.0.1\bin\msvcp140.dll
0x00007fff6f5d0000 - 0x00007fff70372000 	C:\Users\caue_\.jdks\openjdk-24.0.1\bin\server\jvm.dll
0x00007ff82c190000 - 0x00007ff82c242000 	C:\Windows\System32\ADVAPI32.dll
0x00007ff82b8a0000 - 0x00007ff82b946000 	C:\Windows\System32\sechost.dll
0x00007ff82c450000 - 0x00007ff82c566000 	C:\Windows\System32\RPCRT4.dll
0x00007ff82c2d0000 - 0x00007ff82c344000 	C:\Windows\System32\WS2_32.dll
0x00007ff829520000 - 0x00007ff82957e000 	C:\Windows\SYSTEM32\POWRPROF.dll
0x00007ff810e70000 - 0x00007ff810e7b000 	C:\Windows\SYSTEM32\VERSION.dll
0x00007ff820be0000 - 0x00007ff820c16000 	C:\Windows\SYSTEM32\WINMM.dll
0x00007ff829500000 - 0x00007ff829514000 	C:\Windows\SYSTEM32\UMPDC.dll
0x00007ff828a10000 - 0x00007ff828a2a000 	C:\Windows\SYSTEM32\kernel.appcore.dll
0x00007ff824630000 - 0x00007ff82463a000 	C:\Users\caue_\.jdks\openjdk-24.0.1\bin\jimage.dll
0x00007ff825310000 - 0x00007ff825551000 	C:\Windows\SYSTEM32\DBGHELP.DLL
0x00007ff82b4e0000 - 0x00007ff82b864000 	C:\Windows\System32\combase.dll
0x00007ff82b3f0000 - 0x00007ff82b4d0000 	C:\Windows\System32\OLEAUT32.dll
0x00007ff80d810000 - 0x00007ff80d849000 	C:\Windows\SYSTEM32\dbgcore.DLL
0x00007ff82a750000 - 0x00007ff82a7e9000 	C:\Windows\System32\bcryptPrimitives.dll
0x00007ff824610000 - 0x00007ff82461f000 	C:\Users\caue_\.jdks\openjdk-24.0.1\bin\instrument.dll
0x00007ff815530000 - 0x00007ff81554e000 	C:\Users\caue_\.jdks\openjdk-24.0.1\bin\java.dll
0x00007ff82beb0000 - 0x00007ff82c04f000 	C:\Windows\System32\ole32.dll
0x00007ff82a9e0000 - 0x00007ff82b10d000 	C:\Windows\System32\SHELL32.dll
0x00007ff82a5a0000 - 0x00007ff82a714000 	C:\Windows\System32\wintypes.dll
0x00007ff801410000 - 0x00007ff801608000 	C:\Users\caue_\AppData\Local\Temp\idea_libasyncProfiler_dll_temp_folder\libasyncProfiler.dll
0x00007ff827890000 - 0x00007ff8280e6000 	C:\Windows\SYSTEM32\windows.storage.dll
0x00007ff82c090000 - 0x00007ff82c17f000 	C:\Windows\System32\SHCORE.dll
0x00007ff82c5b0000 - 0x00007ff82c619000 	C:\Windows\System32\shlwapi.dll
0x00007ff829b60000 - 0x00007ff829b8f000 	C:\Windows\SYSTEM32\profapi.dll
0x00007ff801650000 - 0x00007ff801727000 	C:\Users\caue_\.jdks\openjdk-24.0.1\bin\jsvml.dll
0x00007ff812b80000 - 0x00007ff812b97000 	C:\Users\caue_\.jdks\openjdk-24.0.1\bin\zip.dll
0x00007ff818920000 - 0x00007ff818930000 	C:\Users\caue_\.jdks\openjdk-24.0.1\bin\net.dll
0x00007ff828f80000 - 0x00007ff828fea000 	C:\Windows\system32\mswsock.dll
0x00007ff815510000 - 0x00007ff815526000 	C:\Users\caue_\.jdks\openjdk-24.0.1\bin\nio.dll
0x00007ff812c90000 - 0x00007ff812c99000 	C:\Users\caue_\.jdks\openjdk-24.0.1\bin\extnet.dll

JVMTI agents:
C:\Program Files\JetBrains\IntelliJ IDEA 2025.1.1.1\lib\idea_rt.jar path:C:\Users\caue_\.jdks\openjdk-24.0.1\bin\instrument.dll, loaded, initialized, instrumentlib options:59597
C:\Users\caue_\AppData\Local\Temp\idea_libasyncProfiler_dll_temp_folder\libasyncProfiler.dll path:C:\Users\caue_\AppData\Local\Temp\idea_libasyncProfiler_dll_temp_folder\libasyncProfiler.dll, loaded, initialized, options:start,jfr,event=wall,interval=10ms,jfrsync=profile,cstack=no,file=C:\Users\caue_\IdeaSnapshots\HelloApplication_2025_06_09_205147.jfr,dbghelppath=C:\Users\caue_\AppData\Local\Temp\idea_dbghelp_dll_temp_folder\dbghelp.dll,log=C:\Users\caue_\AppData\Local\Temp\HelloApplication_2025_06_09_205147.jfr.log.txt,logLevel=DEBUG

dbghelp: loaded successfully - version: 4.0.5 - missing functions: none
symbol engine: initialized successfully - sym options: 0x614 - pdb path: .;C:\Users\caue_\.jdks\openjdk-24.0.1\bin;C:\Windows\SYSTEM32;C:\Windows\WinSxS\amd64_microsoft.windows.common-controls_6595b64144ccf1df_6.0.26100.3912_none_3e07963ce335137e;C:\Users\caue_\.jdks\openjdk-24.0.1\bin\server;C:\Users\caue_\AppData\Local\Temp\idea_libasyncProfiler_dll_temp_folder

VM Arguments:
jvm_args: -javaagent:C:\Program Files\JetBrains\IntelliJ IDEA 2025.1.1.1\lib\idea_rt.jar=59597 -agentpath:C:\Users\caue_\AppData\Local\Temp\idea_libasyncProfiler_dll_temp_folder\libasyncProfiler.dll=start,jfr,event=wall,interval=10ms,jfrsync=profile,cstack=no,file=C:\Users\caue_\IdeaSnapshots\HelloApplication_2025_06_09_205147.jfr,dbghelppath=C:\Users\caue_\AppData\Local\Temp\idea_dbghelp_dll_temp_folder\dbghelp.dll,log=C:\Users\caue_\AppData\Local\Temp\HelloApplication_2025_06_09_205147.jfr.log.txt,logLevel=DEBUG -Dfile.encoding=UTF-8 -Dsun.stdout.encoding=UTF-8 -Dsun.stderr.encoding=UTF-8 
java_command: com.example.projetofinaljavav2.HelloApplication
java_class_path (initial): C:\PUC\poo\projetoFinal\ProjetoJavaFXMVC\out\production\ProjetoJavaFXMVC;C:\Users\caue_\.m2\repository\org\openjfx\javafx-base\19.0.2.1\javafx-base-19.0.2.1.jar;C:\Users\caue_\.m2\repository\org\openjfx\javafx-base\19.0.2.1\javafx-base-19.0.2.1-win.jar;C:\Users\caue_\.m2\repository\com\andrewlalis\javafx-scene-router\1.6.0\javafx-scene-router-1.6.0.jar;C:\Users\caue_\.m2\repository\org\openjfx\javafx-controls\21.0.1\javafx-controls-21.0.1.jar;C:\Users\caue_\.m2\repository\org\openjfx\javafx-controls\21.0.1\javafx-controls-21.0.1-win.jar;C:\Users\caue_\.m2\repository\org\openjfx\javafx-graphics\21.0.1\javafx-graphics-21.0.1.jar;C:\Users\caue_\.m2\repository\org\openjfx\javafx-graphics\21.0.1\javafx-graphics-21.0.1-win.jar;C:\Users\caue_\.m2\repository\org\openjfx\javafx-base\21.0.1\javafx-base-21.0.1.jar;C:\Users\caue_\.m2\repository\org\openjfx\javafx-base\21.0.1\javafx-base-21.0.1-win.jar;C:\Users\caue_\.m2\repository\org\openjfx\javafx-fxml\21.0.1\javafx-fxml-21.0.1.jar;C:\Users\caue_\.m2\repository\org\openjfx\javafx-fxml\21.0.1\javafx-fxml-21.0.1-win.jar
Launcher Type: SUN_STANDARD

[Global flags]
     intx CICompilerCount                          = 12                                        {product} {ergonomic}
     uint ConcGCThreads                            = 4                                         {product} {ergonomic}
     bool FlightRecorder                           = true                                      {product} {management}
     uint G1ConcRefinementThreads                  = 14                                        {product} {ergonomic}
   size_t G1HeapRegionSize                         = 2097152                                   {product} {ergonomic}
   size_t InitialHeapSize                          = 262144000                                 {product} {ergonomic}
   size_t MarkStackSize                            = 4194304                                   {product} {ergonomic}
   size_t MarkStackSizeMax                         = 536870912                                 {product} {ergonomic}
   size_t MaxHeapSize                              = 4183818240                                {product} {ergonomic}
   size_t MaxNewSize                               = 2510290944                                {product} {ergonomic}
   size_t MinHeapDeltaBytes                        = 2097152                                   {product} {ergonomic}
   size_t MinHeapSize                              = 8388608                                   {product} {ergonomic}
    uintx NonNMethodCodeHeapSize                   = 7602176                                {pd product} {ergonomic}
    uintx NonProfiledCodeHeapSize                  = 122093568                              {pd product} {ergonomic}
    uintx ProfiledCodeHeapSize                     = 121962496                              {pd product} {ergonomic}
    uintx ReservedCodeCacheSize                    = 251658240                              {pd product} {ergonomic}
     bool SegmentedCodeCache                       = true                                      {product} {ergonomic}
   size_t SoftMaxHeapSize                          = 4183818240                             {manageable} {ergonomic}
     bool UseCompressedOops                        = true                           {product lp64_product} {ergonomic}
     bool UseG1GC                                  = true                                      {product} {ergonomic}
     bool UseLargePagesIndividualAllocation        = false                                  {pd product} {ergonomic}

Logging:
Log output configuration:
 #0: stdout all=warning uptime,level,tags foldmultilines=false
 #1: stderr all=off uptime,level,tags foldmultilines=false

Environment Variables:
PATH=C:\Program Files\Common Files\Oracle\Java\javapath;C:\Program Files\Eclipse Adoptium\jdk-17.0.14.7-hotspot\bin;C:\Windows\system32;C:\Windows;C:\Windows\System32\Wbem;C:\Windows\System32\WindowsPowerShell\v1.0\;C:\Windows\System32\OpenSSH\;C:\Program Files\Microsoft VS Code\bin;C:\Program Files\Git\cmd;C:\Program Files\nodejs\;C:\Program Files (x86)\Windows Kits\10\Windows Performance Toolkit\;C:\php;C:\ProgramData\ComposerSetup\bin;%JAVA_HOME%\bin;;C:\Program Files\Docker\Docker\resources\bin;C:\Program Files\MySQL\MySQL Shell 8.0\bin\;C:\Users\caue_\AppData\Local\Programs\Python\Launcher\;C:\Users\caue_\AppData\Local\Programs\oh-my-posh\bin\;C:\Users\caue_\AppData\Local\Microsoft\WindowsApps;C:\Users\caue_\AppData\Roaming\npm;C:\Users\caue_\AppData\Roaming\Composer\vendor\bin
USERNAME=caue_
OS=Windows_NT
PROCESSOR_IDENTIFIER=Intel64 Family 6 Model 170 Stepping 4, GenuineIntel
TMP=C:\Users\caue_\AppData\Local\Temp
TEMP=C:\Users\caue_\AppData\Local\Temp




Periodic native trim disabled

---------------  S Y S T E M  ---------------

OS:
 Windows 11 , 64 bit Build 26100 (10.0.26100.3912)
OS uptime: 0 days 6:02 hours
Hyper-V role detected

CPU: total 18 (initial active 18) (9 cores per cpu, 2 threads per core) family 6 model 170 stepping 4 microcode 0x1c, cx8, cmov, fxsr, ht, mmx, 3dnowpref, sse, sse2, sse3, ssse3, sse4.1, sse4.2, popcnt, lzcnt, tsc, tscinvbit, avx, avx2, aes, erms, clmul, bmi1, bmi2, adx, sha, fma, vzeroupper, clflush, clflushopt, clwb, hv, serialize, rdtscp, rdpid, fsrm, gfni, f16c, cet_ibt, cet_ss
Processor Information for processor 0
  Max Mhz: 1200, Current Mhz: 1200, Mhz Limit: 1200
Processor Information for processor 1
  Max Mhz: 1200, Current Mhz: 1200, Mhz Limit: 1200
Processor Information for processor 2
  Max Mhz: 3600, Current Mhz: 700, Mhz Limit: 684
Processor Information for processor 3
  Max Mhz: 3600, Current Mhz: 700, Mhz Limit: 684
Processor Information for processor 4
  Max Mhz: 3600, Current Mhz: 700, Mhz Limit: 684
Processor Information for processor 5
  Max Mhz: 3600, Current Mhz: 700, Mhz Limit: 684
Processor Information for processor 6
  Max Mhz: 3600, Current Mhz: 700, Mhz Limit: 684
Processor Information for processor 7
  Max Mhz: 3600, Current Mhz: 700, Mhz Limit: 684
Processor Information for processor 8
  Max Mhz: 3600, Current Mhz: 700, Mhz Limit: 684
Processor Information for processor 9
  Max Mhz: 3600, Current Mhz: 700, Mhz Limit: 684
Processor Information for processor 10
  Max Mhz: 1200, Current Mhz: 1200, Mhz Limit: 1200
Processor Information for processor 11
  Max Mhz: 1200, Current Mhz: 1200, Mhz Limit: 1200
Processor Information for processor 12
  Max Mhz: 1200, Current Mhz: 1200, Mhz Limit: 1200
Processor Information for processor 13
  Max Mhz: 1200, Current Mhz: 1200, Mhz Limit: 1200
Processor Information for processor 14
  Max Mhz: 1200, Current Mhz: 1200, Mhz Limit: 1200
Processor Information for processor 15
  Max Mhz: 1200, Current Mhz: 1200, Mhz Limit: 1200
Processor Information for processor 16
  Max Mhz: 2500, Current Mhz: 700, Mhz Limit: 700
Processor Information for processor 17
  Max Mhz: 2500, Current Mhz: 700, Mhz Limit: 700

Memory: 4k page, system-wide physical 15955M (3474M free)
TotalPageFile size 32339M (AvailPageFile size 15024M)
current process WorkingSet (physical memory assigned to process): 79M, peak: 79M
current process commit charge ("private bytes"): 392M, peak: 396M

vm_info: OpenJDK 64-Bit Server VM (24.0.1+9-30) for windows-amd64 JRE (24.0.1+9-30), built on 2025-03-05T07:23:45Z with MS VC++ 17.6 (VS2022)

END.
